<testsuites id="" name="" tests="1" failures="0" skipped="0" errors="0" time="1.920823">
<testsuite name="api\01_GETRequest.spec.ts" timestamp="2025-10-14T06:46:34.534Z" hostname="firefox" tests="1" failures="0" skipped="0" time="0.465" errors="0">
<testcase name="GET list resource" classname="api\01_GETRequest.spec.ts" time="0.465">
<system-out>
<![CDATA[color value :  #98B2D1
color value :  #C74375
color value :  #BF1932
color value :  #7BC4C4
color value :  #E2583E
color value :  #53B0AE
Response Status :  [33m200[39m
Response Body :  {
  page: [33m1[39m,
  per_page: [33m6[39m,
  total: [33m12[39m,
  total_pages: [33m2[39m,
  data: [
    {
      id: [33m1[39m,
      name: [32m'cerulean'[39m,
      year: [33m2000[39m,
      color: [32m'#98B2D1'[39m,
      pantone_value: [32m'15-4020'[39m
    },
    {
      id: [33m2[39m,
      name: [32m'fuchsia rose'[39m,
      year: [33m2001[39m,
      color: [32m'#C74375'[39m,
      pantone_value: [32m'17-2031'[39m
    },
    {
      id: [33m3[39m,
      name: [32m'true red'[39m,
      year: [33m2002[39m,
      color: [32m'#BF1932'[39m,
      pantone_value: [32m'19-1664'[39m
    },
    {
      id: [33m4[39m,
      name: [32m'aqua sky'[39m,
      year: [33m2003[39m,
      color: [32m'#7BC4C4'[39m,
      pantone_value: [32m'14-4811'[39m
    },
    {
      id: [33m5[39m,
      name: [32m'tigerlily'[39m,
      year: [33m2004[39m,
      color: [32m'#E2583E'[39m,
      pantone_value: [32m'17-1456'[39m
    },
    {
      id: [33m6[39m,
      name: [32m'blue turquoise'[39m,
      year: [33m2005[39m,
      color: [32m'#53B0AE'[39m,
      pantone_value: [32m'15-5217'[39m
    }
  ],
  support: {
    url: [32m'https://contentcaddy.io?utm_source=reqres&utm_medium=json&utm_campaign=referral'[39m,
    text: [32m'Tired of writing endless social media content? Let Content Caddy generate it for you.'[39m
  },
  _meta: {
    powered_by: [32m'🚀 ReqRes - Deploy backends in 30 seconds'[39m,
    upgrade_url: [32m'https://app.reqres.in/upgrade'[39m,
    docs_url: [32m'https://reqres.in'[39m,
    template_gallery: [32m'https://app.reqres.in/templates'[39m,
    message: [32m'This API is powered by ReqRes. Deploy your own backend in 30 seconds!'[39m,
    features: [
      [32m'30 Second Backend Templates'[39m,
      [32m'Custom API Endpoints'[39m,
      [32m'Data Persistence'[39m,
      [32m'Real-time Analytics'[39m
    ],
    upgrade_cta: [32m'Upgrade to Pro for unlimited requests, custom endpoints, and data persistence'[39m
  }
}
]]>
</system-out>
</testcase>
</testsuite>
</testsuites>