<testsuites id="" name="" tests="3" failures="0" skipped="0" errors="0" time="13.581348999999998">
<testsuite name="playwrightPractice.spec.ts" timestamp="2025-11-20T08:02:38.048Z" hostname="chromium" tests="1" failures="0" skipped="0" time="9.106" errors="0">
<testcase name="Static Table" classname="playwrightPractice.spec.ts" time="9.106">
<system-out>
<![CDATA[┌─────────┬──────────────────────┬───────────┬──────────────┬────────┐
│ (index) │ BookName             │ Author    │ Subject      │ Price  │
├─────────┼──────────────────────┼───────────┼──────────────┼────────┤
│ 0       │ [32m'Learn Selenium'[39m     │ [32m'Amit'[39m    │ [32m'Selenium'[39m   │ [32m'300'[39m  │
│ 1       │ [32m'Learn Java'[39m         │ [32m'Mukesh'[39m  │ [32m'Java'[39m       │ [32m'500'[39m  │
│ 2       │ [32m'Learn JS'[39m           │ [32m'Animesh'[39m │ [32m'Javascript'[39m │ [32m'300'[39m  │
│ 3       │ [32m'Master In Selenium'[39m │ [32m'Mukesh'[39m  │ [32m'Selenium'[39m   │ [32m'3000'[39m │
│ 4       │ [32m'Master In Java'[39m     │ [32m'Amod'[39m    │ [32m'JAVA'[39m       │ [32m'2000'[39m │
│ 5       │ [32m'Master In JS'[39m       │ [32m'Amit'[39m    │ [32m'Javascript'[39m │ [32m'1000'[39m │
└─────────┴──────────────────────┴───────────┴──────────────┴────────┘
]]>
</system-out>
</testcase>
</testsuite>
<testsuite name="playwrightPractice.spec.ts" timestamp="2025-11-20T08:02:38.048Z" hostname="firefox" tests="1" failures="0" skipped="0" time="5.972" errors="0">
<testcase name="Static Table" classname="playwrightPractice.spec.ts" time="5.972">
<system-out>
<![CDATA[┌─────────┬──────────────────────┬───────────┬──────────────┬────────┐
│ (index) │ BookName             │ Author    │ Subject      │ Price  │
├─────────┼──────────────────────┼───────────┼──────────────┼────────┤
│ 0       │ [32m'Learn Selenium'[39m     │ [32m'Amit'[39m    │ [32m'Selenium'[39m   │ [32m'300'[39m  │
│ 1       │ [32m'Learn Java'[39m         │ [32m'Mukesh'[39m  │ [32m'Java'[39m       │ [32m'500'[39m  │
│ 2       │ [32m'Learn JS'[39m           │ [32m'Animesh'[39m │ [32m'Javascript'[39m │ [32m'300'[39m  │
│ 3       │ [32m'Master In Selenium'[39m │ [32m'Mukesh'[39m  │ [32m'Selenium'[39m   │ [32m'3000'[39m │
│ 4       │ [32m'Master In Java'[39m     │ [32m'Amod'[39m    │ [32m'JAVA'[39m       │ [32m'2000'[39m │
│ 5       │ [32m'Master In JS'[39m       │ [32m'Amit'[39m    │ [32m'Javascript'[39m │ [32m'1000'[39m │
└─────────┴──────────────────────┴───────────┴──────────────┴────────┘
]]>
</system-out>
</testcase>
</testsuite>
<testsuite name="playwrightPractice.spec.ts" timestamp="2025-11-20T08:02:38.048Z" hostname="webkit" tests="1" failures="0" skipped="0" time="7.836" errors="0">
<testcase name="Static Table" classname="playwrightPractice.spec.ts" time="7.836">
<system-out>
<![CDATA[┌─────────┬──────────────────────┬───────────┬──────────────┬────────┐
│ (index) │ BookName             │ Author    │ Subject      │ Price  │
├─────────┼──────────────────────┼───────────┼──────────────┼────────┤
│ 0       │ [32m'Learn Selenium'[39m     │ [32m'Amit'[39m    │ [32m'Selenium'[39m   │ [32m'300'[39m  │
│ 1       │ [32m'Learn Java'[39m         │ [32m'Mukesh'[39m  │ [32m'Java'[39m       │ [32m'500'[39m  │
│ 2       │ [32m'Learn JS'[39m           │ [32m'Animesh'[39m │ [32m'Javascript'[39m │ [32m'300'[39m  │
│ 3       │ [32m'Master In Selenium'[39m │ [32m'Mukesh'[39m  │ [32m'Selenium'[39m   │ [32m'3000'[39m │
│ 4       │ [32m'Master In Java'[39m     │ [32m'Amod'[39m    │ [32m'JAVA'[39m       │ [32m'2000'[39m │
│ 5       │ [32m'Master In JS'[39m       │ [32m'Amit'[39m    │ [32m'Javascript'[39m │ [32m'1000'[39m │
└─────────┴──────────────────────┴───────────┴──────────────┴────────┘
]]>
</system-out>
</testcase>
</testsuite>
</testsuites>